0 info it worked if it ends with ok
1 verbose cli [ '/home/ubuntu/.nvm/v0.10.35/bin/node',
1 verbose cli   '/home/ubuntu/.nvm/v0.10.35/bin/npm',
1 verbose cli   'publish' ]
2 info using npm@1.4.28
3 info using node@v0.10.35
4 verbose publish [ '.' ]
5 verbose cache add [ '.', null ]
6 verbose cache add name=undefined spec="." args=[".",null]
7 verbose parsed url { protocol: null,
7 verbose parsed url   slashes: null,
7 verbose parsed url   auth: null,
7 verbose parsed url   host: null,
7 verbose parsed url   port: null,
7 verbose parsed url   hostname: null,
7 verbose parsed url   hash: null,
7 verbose parsed url   search: null,
7 verbose parsed url   query: null,
7 verbose parsed url   pathname: '.',
7 verbose parsed url   path: '.',
7 verbose parsed url   href: '.' }
8 silly lockFile 3a52ce78- .
9 verbose lock . /home/ubuntu/.npm/3a52ce78-.lock
10 verbose tar pack [ '/home/ubuntu/.npm/html2idom/0.0.1/package.tgz', '.' ]
11 verbose tarball /home/ubuntu/.npm/html2idom/0.0.1/package.tgz
12 verbose folder .
13 info prepublish html2idom@0.0.1
14 silly lockFile 1f1177db-tar tar://.
15 verbose lock tar://. /home/ubuntu/.npm/1f1177db-tar.lock
16 silly lockFile 67d30df7--npm-html2idom-0-0-1-package-tgz tar:///home/ubuntu/.npm/html2idom/0.0.1/package.tgz
17 verbose lock tar:///home/ubuntu/.npm/html2idom/0.0.1/package.tgz /home/ubuntu/.npm/67d30df7--npm-html2idom-0-0-1-package-tgz.lock
18 silly lockFile 1f1177db-tar tar://.
19 silly lockFile 1f1177db-tar tar://.
20 silly lockFile 67d30df7--npm-html2idom-0-0-1-package-tgz tar:///home/ubuntu/.npm/html2idom/0.0.1/package.tgz
21 silly lockFile 67d30df7--npm-html2idom-0-0-1-package-tgz tar:///home/ubuntu/.npm/html2idom/0.0.1/package.tgz
22 silly lockFile d42af0b3-untu-npm-html2idom-0-0-1-package /home/ubuntu/.npm/html2idom/0.0.1/package
23 verbose lock /home/ubuntu/.npm/html2idom/0.0.1/package /home/ubuntu/.npm/d42af0b3-untu-npm-html2idom-0-0-1-package.lock
24 silly lockFile d42af0b3-untu-npm-html2idom-0-0-1-package /home/ubuntu/.npm/html2idom/0.0.1/package
25 silly lockFile d42af0b3-untu-npm-html2idom-0-0-1-package /home/ubuntu/.npm/html2idom/0.0.1/package
26 silly lockFile 3a52ce78- .
27 silly lockFile 3a52ce78- .
28 silly publish { name: 'html2idom',
28 silly publish   version: '0.0.1',
28 silly publish   description: 'parse a string of html into incremental dom',
28 silly publish   main: 'html2IDOM.js',
28 silly publish   scripts: { test: 'echo "Error: no test specified" && exit 1' },
28 silly publish   author: { name: 'eric.ponto@gmail.com' },
28 silly publish   license: 'ISC',
28 silly publish   directories: { test: 'test' },
28 silly publish   dependencies: { htmlparser2: '^3.8.3', 'incremental-dom': '^0.1.0' },
28 silly publish   repository:
28 silly publish    { type: 'git',
28 silly publish      url: 'https://github.com/ericponto/html2IDOM.git' },
28 silly publish   bugs: { url: 'https://github.com/ericponto/html2IDOM/issues' },
28 silly publish   homepage: 'https://github.com/ericponto/html2IDOM',
28 silly publish   readme: '#html2idom\n\nConvert a string of HTML into an [Incremental DOM](https://github.com/google/incremental-dom) render.\n\nHTML parsing done by [htmlparser2](https://github.com/fb55/htmlparser2).\n\n##Installation\n\n```\nnpm install html2idom\n```\n\n##Usage\n\n```\nvar html2idom = require("html2idom");\nvar patch = require("incremental-dom").patch;\n\n// get you view\'s el\nvar el = document.getElementById("view");\n\nfunction render() {\n    var html = callYourFavoriteTemplatingSystem();\n    \n    return html2idom(html);\n}\n\n// apply update via incremental dom\npatch(el, render);\n```\n\n',
28 silly publish   readmeFilename: 'README.md',
28 silly publish   gitHead: '75ac66c14df5a754638ed7fbc2b1d53ddd7ff47e',
28 silly publish   _id: 'html2idom@0.0.1',
28 silly publish   _shasum: '8ee7b0b39f7adf6d95d304cd04999b5397b20a83',
28 silly publish   _from: '.' }
29 verbose request where is /html2idom
30 verbose request registry https://registry.npmjs.org/
31 verbose request id 24db80abcdc1124d
32 verbose url raw /html2idom
33 verbose url resolving [ 'https://registry.npmjs.org/', './html2idom' ]
34 verbose url resolved https://registry.npmjs.org/html2idom
35 verbose request where is https://registry.npmjs.org/html2idom
36 info trying registry request attempt 1 at 06:19:23
37 http PUT https://registry.npmjs.org/html2idom
38 http 403 https://registry.npmjs.org/html2idom
39 verbose headers { 'content-type': 'application/json',
39 verbose headers   'cache-control': 'max-age=60',
39 verbose headers   'content-length': '95',
39 verbose headers   'accept-ranges': 'bytes',
39 verbose headers   date: 'Fri, 10 Jul 2015 06:19:24 GMT',
39 verbose headers   via: '1.1 varnish',
39 verbose headers   connection: 'keep-alive',
39 verbose headers   'x-served-by': 'cache-dfw1826-DFW',
39 verbose headers   'x-cache': 'MISS',
39 verbose headers   'x-cache-hits': '0',
39 verbose headers   'x-timer': 'S1436509163.689352,VS0,VE966' }
40 error publish Failed PUT 403
41 error Error: "You cannot publish over the previously published version 0.0.1." : html2idom
41 error     at RegClient.<anonymous> (/home/ubuntu/.nvm/v0.10.35/lib/node_modules/npm/node_modules/npm-registry-client/lib/request.js:308:14)
41 error     at Request._callback (/home/ubuntu/.nvm/v0.10.35/lib/node_modules/npm/node_modules/npm-registry-client/lib/request.js:246:65)
41 error     at Request.self.callback (/home/ubuntu/.nvm/v0.10.35/lib/node_modules/npm/node_modules/request/request.js:236:22)
41 error     at Request.emit (events.js:98:17)
41 error     at Request.<anonymous> (/home/ubuntu/.nvm/v0.10.35/lib/node_modules/npm/node_modules/request/request.js:1142:14)
41 error     at Request.emit (events.js:117:20)
41 error     at IncomingMessage.<anonymous> (/home/ubuntu/.nvm/v0.10.35/lib/node_modules/npm/node_modules/request/request.js:1096:12)
41 error     at IncomingMessage.emit (events.js:117:20)
41 error     at _stream_readable.js:944:16
41 error     at process._tickCallback (node.js:442:13)
42 error If you need help, you may report this *entire* log,
42 error including the npm and node versions, at:
42 error     <http://github.com/npm/npm/issues>
43 error System Linux 3.14.13-c9
44 error command "/home/ubuntu/.nvm/v0.10.35/bin/node" "/home/ubuntu/.nvm/v0.10.35/bin/npm" "publish"
45 error cwd /home/ubuntu/workspace
46 error node -v v0.10.35
47 error npm -v 1.4.28
48 verbose exit [ 1, true ]
